Car has started charging
Available chargers: 27

Car has started charging
Available chargers: 26

Car has started charging
Available chargers: 25

Car has started charging
Available chargers: 24

Car has started charging
Available chargers: 23

Car has started charging
Available chargers: 22

Car has started charging
Available chargers: 21

Car has started charging
Available chargers: 20

Car has started charging
Available chargers: 19

Car has started charging
Available chargers: 18

Car has started charging
Available chargers: 17

Car has started charging
Available chargers: 16

Car has started charging
Available chargers: 15

Car has started charging
Available chargers: 14

Car has started charging
Available chargers: 13

Car has started charging
Available chargers: 12

Car has started charging
Available chargers: 11

Car has started charging
Available chargers: 10

Car has started charging
Available chargers: 9

Car has started charging
Available chargers: 8

Car has started charging
Available chargers: 7

Car has started charging
Available chargers: 6

Car has started charging
Available chargers: 5

Car has started charging
Available chargers: 4

Car has started charging
Available chargers: 3

Car has started charging
Available chargers: 2

Car has started charging
Available chargers: 1

Car has started charging
Available chargers: 0

Car has been queued
Queue size: 1

Car has been queued
Queue size: 2

Car has been queued
Queue size: 3

Car has been queued
Queue size: 4

Car has been queued
Queue size: 5

Car has been queued
Queue size: 6

Car has been queued
Queue size: 7

Car has been queued
Queue size: 8

Car has been queued
Queue size: 9

Car has been queued
Queue size: 10

Car has been queued
Queue size: 11

Car has been queued
Queue size: 12

Car has been queued
Queue size: 13

Car has been queued
Queue size: 14

Car has been queued
Queue size: 15

Car has been queued
Queue size: 16

Car has been queued
Queue size: 17

Car has been queued
Queue size: 18

Car has been queued
Queue size: 19

Car has been queued
Queue size: 20

Car has been queued
Queue size: 21

Car has been queued
Queue size: 22

Car has been queued
Queue size: 23

Car has been queued
Queue size: 24

Car has been queued
Queue size: 25

Car has been queued
Queue size: 26

Car has been queued
Queue size: 27

Car has been queued
Queue size: 28

Car has been queued
Queue size: 29

Car has been queued
Queue size: 30

Car has been queued
Queue size: 31

Car has been queued
Queue size: 32

Car has stopped charging
Available chargers: 1
Cars charged: 1

Car has started charging
Available chargers: 0

Car has been queued
Queue size: 32

Car has been queued
Queue size: 33

Car has stopped charging
Available chargers: 1
Cars charged: 2

Car has started charging
Available chargers: 0

Car has stopped charging
Available chargers: 1
Cars charged: 3

Car has started charging
Available chargers: 0

Car has stopped charging
Available chargers: 1
Cars charged: 4

Car has started charging
Available chargers: 0

Car has stopped charging
Available chargers: 1
Cars charged: 5

Car has started charging
Available chargers: 0

Car has stopped charging
Available chargers: 1
Cars charged: 6

Car has started charging
Available chargers: 0

Car has stopped charging
Available chargers: 1
Cars charged: 7

Car has started charging
Available chargers: 0

Car has stopped charging
Available chargers: 1
Cars charged: 8

Car has started charging
Available chargers: 0

Car has been queued
Queue size: 27

Car has stopped charging
Available chargers: 1
Cars charged: 9

Car has started charging
Available chargers: 0

Car has been queued
Queue size: 27

Car has stopped charging
Available chargers: 1
Cars charged: 10

Car has started charging
Available chargers: 0

Car has stopped charging
Available chargers: 1
Cars charged: 11

Car has started charging
Available chargers: 0

Car has stopped charging
Available chargers: 1
Cars charged: 12

Car has started charging
Available chargers: 0

Car has stopped charging
Available chargers: 1
Cars charged: 13

Car has started charging
Available chargers: 0

Car has stopped charging
Available chargers: 1
Cars charged: 14

Car has started charging
Available chargers: 0

Car has stopped charging
Available chargers: 1
Cars charged: 15

Car has started charging
Available chargers: 0

Car has stopped charging
Available chargers: 1
Cars charged: 16

Car has started charging
Available chargers: 0

Car has stopped charging
Available chargers: 1
Cars charged: 17

Car has started charging
Available chargers: 0

Car has stopped charging
Available chargers: 1
Cars charged: 18

Car has started charging
Available chargers: 0

Car has stopped charging
Available chargers: 1
Cars charged: 19

Car has started charging
Available chargers: 0

Car has been queued
Queue size: 18

Car has stopped charging
Available chargers: 1
Cars charged: 20

Car has started charging
Available chargers: 0

Car has stopped charging
Available chargers: 1
Cars charged: 21

Car has started charging
Available chargers: 0

Car has stopped charging
Available chargers: 1
Cars charged: 22

Car has started charging
Available chargers: 0

Car has stopped charging
Available chargers: 1
Cars charged: 23

Car has started charging
Available chargers: 0

Car has stopped charging
Available chargers: 1
Cars charged: 24

Car has started charging
Available chargers: 0

Car has been queued
Queue size: 14

Car has been queued
Queue size: 15

Car has been queued
Queue size: 16

Car has been queued
Queue size: 17

Car has been queued
Queue size: 18

Car has stopped charging
Available chargers: 1
Cars charged: 25

Car has started charging
Available chargers: 0

Car has been queued
Queue size: 18

Car has been queued
Queue size: 19

Car has been queued
Queue size: 20

Car has been queued
Queue size: 21

Car has been queued
Queue size: 22

Car has been queued
Queue size: 23

Car has been queued
Queue size: 24

Car has been queued
Queue size: 25

Car has stopped charging
Available chargers: 1
Cars charged: 26

Car has started charging
Available chargers: 0

Car has stopped charging
Available chargers: 1
Cars charged: 27

Car has started charging
Available chargers: 0

Car has been queued
Queue size: 24

Car has stopped charging
Available chargers: 1
Cars charged: 28

Car has started charging
Available chargers: 0

Car has stopped charging
Available chargers: 1
Cars charged: 29

Car has started charging
Available chargers: 0

Car has been queued
Queue size: 23

Car has stopped charging
Available chargers: 1
Cars charged: 30

Car has started charging
Available chargers: 0

Car has stopped charging
Available chargers: 1
Cars charged: 31

Car has started charging
Available chargers: 0

Car has stopped charging
Available chargers: 1
Cars charged: 32

Car has started charging
Available chargers: 0

Car has stopped charging
Available chargers: 1
Cars charged: 33

Car has started charging
Available chargers: 0

Car has stopped charging
Available chargers: 1
Cars charged: 34

Car has started charging
Available chargers: 0

Car has been queued
Queue size: 19

Car has stopped charging
Available chargers: 1
Cars charged: 35

Car has started charging
Available chargers: 0

Car has stopped charging
Available chargers: 1
Cars charged: 36

Car has started charging
Available chargers: 0

Car has been queued
Queue size: 18

Car has stopped charging
Available chargers: 1
Cars charged: 37

Car has started charging
Available chargers: 0

Car has stopped charging
Available chargers: 1
Cars charged: 38

Car has started charging
Available chargers: 0

Car has stopped charging
Available chargers: 1
Cars charged: 39

Car has started charging
Available chargers: 0

Car has stopped charging
Available chargers: 1
Cars charged: 40

Car has started charging
Available chargers: 0

Car has been queued
Queue size: 15

Car has been queued
Queue size: 16

Car has stopped charging
Available chargers: 1
Cars charged: 41

Car has started charging
Available chargers: 0

Car has stopped charging
Available chargers: 1
Cars charged: 42

Car has started charging
Available chargers: 0

Car has been queued
Queue size: 15

Car has stopped charging
Available chargers: 1
Cars charged: 43

Car has started charging
Available chargers: 0

Car has stopped charging
Available chargers: 1
Cars charged: 44

Car has started charging
Available chargers: 0

Car has been queued
Queue size: 14

Car has stopped charging
Available chargers: 1
Cars charged: 45

Car has started charging
Available chargers: 0

Car has stopped charging
Available chargers: 1
Cars charged: 46

Car has started charging
Available chargers: 0

Car has stopped charging
Available chargers: 1
Cars charged: 47

Car has started charging
Available chargers: 0

Car has stopped charging
Available chargers: 1
Cars charged: 48

Car has started charging
Available chargers: 0

Car has been queued
Queue size: 11

Car has been queued
Queue size: 12

Car has been queued
Queue size: 13

Car has been queued
Queue size: 14

Car has been queued
Queue size: 15

Car has been queued
Queue size: 16

Car has been queued
Queue size: 17

Car has been queued
Queue size: 18

Car has stopped charging
Available chargers: 1
Cars charged: 49

Car has started charging
Available chargers: 0

Car has stopped charging
Available chargers: 1
Cars charged: 50

Car has started charging
Available chargers: 0

Car has stopped charging
Available chargers: 1
Cars charged: 51

Car has started charging
Available chargers: 0

Car has stopped charging
Available chargers: 1
Cars charged: 52

Car has started charging
Available chargers: 0

Car has been queued
Queue size: 15

Car has been queued
Queue size: 16

Car has been queued
Queue size: 17

Car has been queued
Queue size: 18

Car has been queued
Queue size: 19

Car has been queued
Queue size: 20

Car has stopped charging
Available chargers: 1
Cars charged: 53

Car has started charging
Available chargers: 0

Car has stopped charging
Available chargers: 1
Cars charged: 54

Car has started charging
Available chargers: 0

Car has stopped charging
Available chargers: 1
Cars charged: 55

Car has started charging
Available chargers: 0

Car has been queued
Queue size: 18

Car has been queued
Queue size: 19

Car has stopped charging
Available chargers: 1
Cars charged: 56

Car has started charging
Available chargers: 0

Car has stopped charging
Available chargers: 1
Cars charged: 57

Car has started charging
Available chargers: 0

Car has been queued
Queue size: 18

Car has stopped charging
Available chargers: 1
Cars charged: 58

Car has started charging
Available chargers: 0

Car has stopped charging
Available chargers: 1
Cars charged: 59

Car has started charging
Available chargers: 0

Car has been queued
Queue size: 17

Car has been queued
Queue size: 18

Car has stopped charging
Available chargers: 1
Cars charged: 60

Car has started charging
Available chargers: 0

Car has been queued
Queue size: 18

Car has stopped charging
Available chargers: 1
Cars charged: 61

Car has started charging
Available chargers: 0

Car has stopped charging
Available chargers: 1
Cars charged: 62

Car has started charging
Available chargers: 0

Car has been queued
Queue size: 17

Car has been queued
Queue size: 18

Car has been queued
Queue size: 19

Car has stopped charging
Available chargers: 1
Cars charged: 63

Car has started charging
Available chargers: 0

Car has been queued
Queue size: 19

Car has stopped charging
Available chargers: 1
Cars charged: 64

Car has started charging
Available chargers: 0

Car has stopped charging
Available chargers: 1
Cars charged: 65

Car has started charging
Available chargers: 0

Car has stopped charging
Available chargers: 1
Cars charged: 66

Car has started charging
Available chargers: 0

Car has been queued
Queue size: 17

Car has been queued
Queue size: 18

Car has stopped charging
Available chargers: 1
Cars charged: 67

Car has started charging
Available chargers: 0

Car has stopped charging
Available chargers: 1
Cars charged: 68

Car has started charging
Available chargers: 0

Car has stopped charging
Available chargers: 1
Cars charged: 69

Car has started charging
Available chargers: 0

Car has stopped charging
Available chargers: 1
Cars charged: 70

Car has started charging
Available chargers: 0

Car has been queued
Queue size: 15

Car has stopped charging
Available chargers: 1
Cars charged: 71

Car has started charging
Available chargers: 0

Car has stopped charging
Available chargers: 1
Cars charged: 72

Car has started charging
Available chargers: 0

Car has stopped charging
Available chargers: 1
Cars charged: 73

Car has started charging
Available chargers: 0

Car has been queued
Queue size: 13

Car has been queued
Queue size: 14

Car has stopped charging
Available chargers: 1
Cars charged: 74

Car has started charging
Available chargers: 0

Car has been queued
Queue size: 14

Car has stopped charging
Available chargers: 1
Cars charged: 75

Car has started charging
Available chargers: 0

Car has been queued
Queue size: 14

Car has stopped charging
Available chargers: 1
Cars charged: 76

Car has started charging
Available chargers: 0

Car has been queued
Queue size: 14

Car has been queued
Queue size: 15

Car has been queued
Queue size: 16

Car has stopped charging
Available chargers: 1
Cars charged: 77

Car has started charging
Available chargers: 0

Car has stopped charging
Available chargers: 1
Cars charged: 78

Car has started charging
Available chargers: 0

Car has stopped charging
Available chargers: 1
Cars charged: 79

Car has started charging
Available chargers: 0

Car has been queued
Queue size: 14

Car has been queued
Queue size: 15

Car has stopped charging
Available chargers: 1
Cars charged: 80

Car has started charging
Available chargers: 0

Car has stopped charging
Available chargers: 1
Cars charged: 81

Car has started charging
Available chargers: 0

Car has stopped charging
Available chargers: 1
Cars charged: 82

Car has started charging
Available chargers: 0

Car has been queued
Queue size: 13

Car has been queued
Queue size: 14

Car has stopped charging
Available chargers: 1
Cars charged: 83

Car has started charging
Available chargers: 0

Car has been queued
Queue size: 14

Car has been queued
Queue size: 15

Car has stopped charging
Available chargers: 1
Cars charged: 84

Car has started charging
Available chargers: 0

Car has stopped charging
Available chargers: 1
Cars charged: 85

Car has started charging
Available chargers: 0

Car has stopped charging
Available chargers: 1
Cars charged: 86

Car has started charging
Available chargers: 0

Car has stopped charging
Available chargers: 1
Cars charged: 87

Car has started charging
Available chargers: 0

Car has stopped charging
Available chargers: 1
Cars charged: 88

Car has started charging
Available chargers: 0

Car has stopped charging
Available chargers: 1
Cars charged: 89

Car has started charging
Available chargers: 0

Car has stopped charging
Available chargers: 1
Cars charged: 90

Car has started charging
Available chargers: 0

Car has been queued
Queue size: 9

Car has been queued
Queue size: 10

Car has been queued
Queue size: 11

Car has stopped charging
Available chargers: 1
Cars charged: 91

Car has started charging
Available chargers: 0

Car has stopped charging
Available chargers: 1
Cars charged: 92

Car has started charging
Available chargers: 0

Car has been queued
Queue size: 10

Car has been queued
Queue size: 11

Car has stopped charging
Available chargers: 1
Cars charged: 93

Car has started charging
Available chargers: 0

Car has stopped charging
Available chargers: 1
Cars charged: 94

Car has started charging
Available chargers: 0

Car has been queued
Queue size: 10

Car has stopped charging
Available chargers: 1
Cars charged: 95

Car has started charging
Available chargers: 0

Car has been queued
Queue size: 10

Car has been queued
Queue size: 11

Car has been queued
Queue size: 12

Car has stopped charging
Available chargers: 1
Cars charged: 96

Car has started charging
Available chargers: 0

Car has stopped charging
Available chargers: 1
Cars charged: 97

Car has started charging
Available chargers: 0

Car has been queued
Queue size: 11

Car has stopped charging
Available chargers: 1
Cars charged: 98

Car has started charging
Available chargers: 0

Car has been queued
Queue size: 11

Car has stopped charging
Available chargers: 1
Cars charged: 99

Car has started charging
Available chargers: 0

Car has stopped charging
Available chargers: 1
Cars charged: 100

Car has started charging
Available chargers: 0

Car has stopped charging
Available chargers: 1
Cars charged: 101

Car has started charging
Available chargers: 0

Car has stopped charging
Available chargers: 1
Cars charged: 102

Car has started charging
Available chargers: 0

Car has been queued
Queue size: 8

Car has stopped charging
Available chargers: 1
Cars charged: 103

Car has started charging
Available chargers: 0

Car has stopped charging
Available chargers: 1
Cars charged: 104

Car has started charging
Available chargers: 0

Car has been queued
Queue size: 7

Car has been queued
Queue size: 8

Car has stopped charging
Available chargers: 1
Cars charged: 105

Car has started charging
Available chargers: 0

Car has stopped charging
Available chargers: 1
Cars charged: 106

Car has started charging
Available chargers: 0

Car has been queued
Queue size: 7

Car has stopped charging
Available chargers: 1
Cars charged: 107

Car has started charging
Available chargers: 0

Car has been queued
Queue size: 7

Car has been queued
Queue size: 8

Car has been queued
Queue size: 9

Car has stopped charging
Available chargers: 1
Cars charged: 108

Car has started charging
Available chargers: 0

Car has been queued
Queue size: 9

Car has been queued
Queue size: 10

Car has been queued
Queue size: 11

Car has stopped charging
Available chargers: 1
Cars charged: 109

Car has started charging
Available chargers: 0

Car has been queued
Queue size: 11

Car has stopped charging
Available chargers: 1
Cars charged: 110

Car has started charging
Available chargers: 0

Car has been queued
Queue size: 11

Car has been queued
Queue size: 12

Car has stopped charging
Available chargers: 1
Cars charged: 111

Car has started charging
Available chargers: 0

Car has stopped charging
Available chargers: 1
Cars charged: 112

Car has started charging
Available chargers: 0

Car has stopped charging
Available chargers: 1
Cars charged: 113

Car has started charging
Available chargers: 0

Car has stopped charging
Available chargers: 1
Cars charged: 114

Car has started charging
Available chargers: 0

Car has stopped charging
Available chargers: 1
Cars charged: 115

Car has started charging
Available chargers: 0

Car has stopped charging
Available chargers: 1
Cars charged: 116

Car has started charging
Available chargers: 0

Car has stopped charging
Available chargers: 1
Cars charged: 117

Car has started charging
Available chargers: 0

Car has stopped charging
Available chargers: 1
Cars charged: 118

Car has started charging
Available chargers: 0

Car has stopped charging
Available chargers: 1
Cars charged: 119

Car has started charging
Available chargers: 0

Car has stopped charging
Available chargers: 1
Cars charged: 120

Car has started charging
Available chargers: 0

Car has stopped charging
Available chargers: 1
Cars charged: 121

Car has started charging
Available chargers: 0

Car has been queued
Queue size: 2

Car has stopped charging
Available chargers: 1
Cars charged: 122

Car has started charging
Available chargers: 0

Car has stopped charging
Available chargers: 1
Cars charged: 123

Car has started charging
Available chargers: 0

Car has stopped charging
Available chargers: 1
Cars charged: 124

Car has stopped charging
Available chargers: 2
Cars charged: 125

Car has started charging
Available chargers: 1

Car has stopped charging
Available chargers: 2
Cars charged: 126

Car has started charging
Available chargers: 1

Car has started charging
Available chargers: 0

Car has stopped charging
Available chargers: 1
Cars charged: 127

Car has stopped charging
Available chargers: 2
Cars charged: 128

Car has started charging
Available chargers: 1

Car has started charging
Available chargers: 0

Car has stopped charging
Available chargers: 1
Cars charged: 129

Car has started charging
Available chargers: 0

Car has stopped charging
Available chargers: 1
Cars charged: 130

Car has stopped charging
Available chargers: 2
Cars charged: 131

Car has stopped charging
Available chargers: 3
Cars charged: 132

Car has started charging
Available chargers: 2

Car has stopped charging
Available chargers: 3
Cars charged: 133

Car has stopped charging
Available chargers: 4
Cars charged: 134

Car has started charging
Available chargers: 3

Car has stopped charging
Available chargers: 4
Cars charged: 135

Car has stopped charging
Available chargers: 5
Cars charged: 136

Car has stopped charging
Available chargers: 6
Cars charged: 137

Car has stopped charging
Available chargers: 7
Cars charged: 138

Car has stopped charging
Available chargers: 8
Cars charged: 139

Car has stopped charging
Available chargers: 9
Cars charged: 140

Car has stopped charging
Available chargers: 10
Cars charged: 141

Car has stopped charging
Available chargers: 11
Cars charged: 142

