Car has started charging
Available chargers: 86

Car has started charging
Available chargers: 85

Car has started charging
Available chargers: 84

Car has started charging
Available chargers: 83

Car has started charging
Available chargers: 82

Car has started charging
Available chargers: 81

Car has started charging
Available chargers: 80

Car has started charging
Available chargers: 79

Car has started charging
Available chargers: 78

Car has started charging
Available chargers: 77

Car has started charging
Available chargers: 76

Car has started charging
Available chargers: 75

Car has started charging
Available chargers: 74

Car has started charging
Available chargers: 73

Car has started charging
Available chargers: 72

Car has started charging
Available chargers: 71

Car has started charging
Available chargers: 70

Car has started charging
Available chargers: 69

Car has started charging
Available chargers: 68

Car has started charging
Available chargers: 67

Car has started charging
Available chargers: 66

Car has started charging
Available chargers: 65

Car has started charging
Available chargers: 64

Car has started charging
Available chargers: 63

Car has started charging
Available chargers: 62

Car has started charging
Available chargers: 61

Car has stopped charging
Available chargers: 62
Cars charged: 1

Car has started charging
Available chargers: 61

Car has stopped charging
Available chargers: 62
Cars charged: 2

Car has stopped charging
Available chargers: 63
Cars charged: 3

Car has stopped charging
Available chargers: 64
Cars charged: 4

Car has started charging
Available chargers: 63

Car has started charging
Available chargers: 62

Car has started charging
Available chargers: 61

Car has started charging
Available chargers: 60

Car has started charging
Available chargers: 59

Car has started charging
Available chargers: 58

Car has started charging
Available chargers: 57

Car has stopped charging
Available chargers: 58
Cars charged: 5

Car has started charging
Available chargers: 57

Car has started charging
Available chargers: 56

Car has started charging
Available chargers: 55

Car has started charging
Available chargers: 54

Car has started charging
Available chargers: 53

Car has started charging
Available chargers: 52

Car has started charging
Available chargers: 51

Car has started charging
Available chargers: 50

Car has started charging
Available chargers: 49

Car has started charging
Available chargers: 48

Car has started charging
Available chargers: 47

Car has started charging
Available chargers: 46

Car has started charging
Available chargers: 45

Car has started charging
Available chargers: 44

Car has started charging
Available chargers: 43

Car has started charging
Available chargers: 42

Car has started charging
Available chargers: 41

Car has started charging
Available chargers: 40

Car has started charging
Available chargers: 39

Car has started charging
Available chargers: 38

Car has started charging
Available chargers: 37

Car has started charging
Available chargers: 36

Car has started charging
Available chargers: 35

Car has started charging
Available chargers: 34

Car has started charging
Available chargers: 33

Car has started charging
Available chargers: 32

Car has started charging
Available chargers: 31

Car has started charging
Available chargers: 30

Car has started charging
Available chargers: 29

Car has started charging
Available chargers: 28

Car has started charging
Available chargers: 27

Car has started charging
Available chargers: 26

Car has started charging
Available chargers: 25

Car has started charging
Available chargers: 24

Car has started charging
Available chargers: 23

Car has stopped charging
Available chargers: 24
Cars charged: 6

Car has started charging
Available chargers: 23

Car has started charging
Available chargers: 22

Car has started charging
Available chargers: 21

Car has started charging
Available chargers: 20

Car has started charging
Available chargers: 19

Car has started charging
Available chargers: 18

Car has started charging
Available chargers: 17

Car has started charging
Available chargers: 16

Car has started charging
Available chargers: 15

Car has started charging
Available chargers: 14

Car has started charging
Available chargers: 13

Car has started charging
Available chargers: 12

Car has started charging
Available chargers: 11

Car has started charging
Available chargers: 10

Car has started charging
Available chargers: 9

Car has started charging
Available chargers: 8

Car has started charging
Available chargers: 7

Car has started charging
Available chargers: 6

Car has started charging
Available chargers: 5

Car has started charging
Available chargers: 4

Car has started charging
Available chargers: 3

Car has started charging
Available chargers: 2

Car has started charging
Available chargers: 1

Car has stopped charging
Available chargers: 2
Cars charged: 7

Car has started charging
Available chargers: 1

Car has stopped charging
Available chargers: 2
Cars charged: 8

Car has started charging
Available chargers: 1

Car has stopped charging
Available chargers: 2
Cars charged: 9

Car has started charging
Available chargers: 1

Car has started charging
Available chargers: 0

Car has been queued
Queue size: 1

Car has been queued
Queue size: 2

Car has been queued
Queue size: 3

Car has been queued
Queue size: 4

Car has been queued
Queue size: 5

Car has been queued
Queue size: 6

Car has been queued
Queue size: 7

Car has been queued
Queue size: 8

Car has been queued
Queue size: 9

Car has been queued
Queue size: 10

Car has been queued
Queue size: 11

Car has been queued
Queue size: 12

Car has been queued
Queue size: 13

Car has been queued
Queue size: 14

Car has been queued
Queue size: 15

Car has been queued
Queue size: 16

Car has been queued
Queue size: 17

Car has been queued
Queue size: 18

Car has been queued
Queue size: 19

Car has been queued
Queue size: 20

Car has been queued
Queue size: 21

Car has been queued
Queue size: 22

Car has been queued
Queue size: 23

Car has been queued
Queue size: 24

Car has been queued
Queue size: 25

Car has been queued
Queue size: 26

Car has been queued
Queue size: 27

Car has been queued
Queue size: 28

Car has been queued
Queue size: 29

Car has been queued
Queue size: 30

Car has been queued
Queue size: 31

Car has been queued
Queue size: 32

Car has been queued
Queue size: 33

Car has been queued
Queue size: 34

Car has been queued
Queue size: 35

Car has been queued
Queue size: 36

Car has been queued
Queue size: 37

Car has been queued
Queue size: 38

Car has been queued
Queue size: 39

Car has been queued
Queue size: 40

Car has been queued
Queue size: 41

Car has been queued
Queue size: 42

Car has been queued
Queue size: 43

Car has been queued
Queue size: 44

Car has been queued
Queue size: 45

Car has been queued
Queue size: 46

Car has been queued
Queue size: 47

Car has been queued
Queue size: 48

Car has been queued
Queue size: 49

Car has stopped charging
Available chargers: 1
Cars charged: 10

Car has started charging
Available chargers: 0

Car has been queued
Queue size: 49

Car has stopped charging
Available chargers: 1
Cars charged: 11

Car has started charging
Available chargers: 0

Car has been queued
Queue size: 49

Car has been queued
Queue size: 50

Car has been queued
Queue size: 51

Car has been queued
Queue size: 52

Car has been queued
Queue size: 53

Car has been queued
Queue size: 54

Car has been queued
Queue size: 55

Car has been queued
Queue size: 56

Car has been queued
Queue size: 57

Car has been queued
Queue size: 58

Car has stopped charging
Available chargers: 1
Cars charged: 12

Car has started charging
Available chargers: 0

Car has stopped charging
Available chargers: 1
Cars charged: 13

Car has started charging
Available chargers: 0

Car has been queued
Queue size: 57

Car has been queued
Queue size: 58

Car has stopped charging
Available chargers: 1
Cars charged: 14

Car has started charging
Available chargers: 0

Car has been queued
Queue size: 58

Car has been queued
Queue size: 59

Car has been queued
Queue size: 60

Car has been queued
Queue size: 61

Car has been queued
Queue size: 62

Car has been queued
Queue size: 63

Car has stopped charging
Available chargers: 1
Cars charged: 15

Car has started charging
Available chargers: 0

Car has been queued
Queue size: 63

Car has been queued
Queue size: 64

Car has stopped charging
Available chargers: 1
Cars charged: 16

Car has started charging
Available chargers: 0

Car has been queued
Queue size: 64

Car has been queued
Queue size: 65

Car has stopped charging
Available chargers: 1
Cars charged: 17

Car has started charging
Available chargers: 0

Car has stopped charging
Available chargers: 1
Cars charged: 18

Car has started charging
Available chargers: 0

Car has been queued
Queue size: 64

Car has stopped charging
Available chargers: 1
Cars charged: 19

Car has started charging
Available chargers: 0

Car has been queued
Queue size: 64

Car has stopped charging
Available chargers: 1
Cars charged: 20

Car has started charging
Available chargers: 0

Car has stopped charging
Available chargers: 1
Cars charged: 21

Car has started charging
Available chargers: 0

Car has stopped charging
Available chargers: 1
Cars charged: 22

Car has started charging
Available chargers: 0

Car has stopped charging
Available chargers: 1
Cars charged: 23

Car has started charging
Available chargers: 0

Car has been queued
Queue size: 61

Car has been queued
Queue size: 62

Car has stopped charging
Available chargers: 1
Cars charged: 24

Car has started charging
Available chargers: 0

Car has stopped charging
Available chargers: 1
Cars charged: 25

Car has started charging
Available chargers: 0

Car has been queued
Queue size: 61

Car has been queued
Queue size: 62

Car has been queued
Queue size: 63

Car has been queued
Queue size: 64

Car has been queued
Queue size: 65

Car has been queued
Queue size: 66

Car has been queued
Queue size: 67

Car has been queued
Queue size: 68

Car has been queued
Queue size: 69

Car has stopped charging
Available chargers: 1
Cars charged: 26

Car has started charging
Available chargers: 0

Car has been queued
Queue size: 69

Car has been queued
Queue size: 70

Car has stopped charging
Available chargers: 1
Cars charged: 27

Car has started charging
Available chargers: 0

Car has stopped charging
Available chargers: 1
Cars charged: 28

Car has started charging
Available chargers: 0

Car has been queued
Queue size: 69

Car has stopped charging
Available chargers: 1
Cars charged: 29

Car has started charging
Available chargers: 0

Car has stopped charging
Available chargers: 1
Cars charged: 30

Car has started charging
Available chargers: 0

Car has been queued
Queue size: 68

Car has been queued
Queue size: 69

Car has stopped charging
Available chargers: 1
Cars charged: 31

Car has started charging
Available chargers: 0

Car has stopped charging
Available chargers: 1
Cars charged: 32

Car has started charging
Available chargers: 0

Car has stopped charging
Available chargers: 1
Cars charged: 33

Car has started charging
Available chargers: 0

Car has been queued
Queue size: 67

Car has been queued
Queue size: 68

Car has stopped charging
Available chargers: 1
Cars charged: 34

Car has started charging
Available chargers: 0

Car has stopped charging
Available chargers: 1
Cars charged: 35

Car has started charging
Available chargers: 0

Car has been queued
Queue size: 67

Car has stopped charging
Available chargers: 1
Cars charged: 36

Car has started charging
Available chargers: 0

Car has been queued
Queue size: 67

Car has stopped charging
Available chargers: 1
Cars charged: 37

Car has started charging
Available chargers: 0

Car has stopped charging
Available chargers: 1
Cars charged: 38

Car has started charging
Available chargers: 0

Car has stopped charging
Available chargers: 1
Cars charged: 39

Car has started charging
Available chargers: 0

Car has stopped charging
Available chargers: 1
Cars charged: 40

Car has started charging
Available chargers: 0

Car has been queued
Queue size: 64

Car has stopped charging
Available chargers: 1
Cars charged: 41

Car has started charging
Available chargers: 0

Car has stopped charging
Available chargers: 1
Cars charged: 42

Car has started charging
Available chargers: 0

Car has stopped charging
Available chargers: 1
Cars charged: 43

Car has started charging
Available chargers: 0

Car has been queued
Queue size: 62

Car has stopped charging
Available chargers: 1
Cars charged: 44

Car has started charging
Available chargers: 0

Car has stopped charging
Available chargers: 1
Cars charged: 45

Car has started charging
Available chargers: 0

Car has stopped charging
Available chargers: 1
Cars charged: 46

Car has started charging
Available chargers: 0

Car has stopped charging
Available chargers: 1
Cars charged: 47

Car has started charging
Available chargers: 0

Car has stopped charging
Available chargers: 1
Cars charged: 48

Car has started charging
Available chargers: 0

Car has stopped charging
Available chargers: 1
Cars charged: 49

Car has started charging
Available chargers: 0

Car has stopped charging
Available chargers: 1
Cars charged: 50

Car has started charging
Available chargers: 0

Car has stopped charging
Available chargers: 1
Cars charged: 51

Car has started charging
Available chargers: 0

Car has been queued
Queue size: 55

Car has stopped charging
Available chargers: 1
Cars charged: 52

Car has started charging
Available chargers: 0

Car has stopped charging
Available chargers: 1
Cars charged: 53

Car has started charging
Available chargers: 0

Car has stopped charging
Available chargers: 1
Cars charged: 54

Car has started charging
Available chargers: 0

Car has stopped charging
Available chargers: 1
Cars charged: 55

Car has started charging
Available chargers: 0

Car has stopped charging
Available chargers: 1
Cars charged: 56

Car has started charging
Available chargers: 0

Car has stopped charging
Available chargers: 1
Cars charged: 57

Car has started charging
Available chargers: 0

Car has stopped charging
Available chargers: 1
Cars charged: 58

Car has started charging
Available chargers: 0

Car has stopped charging
Available chargers: 1
Cars charged: 59

Car has started charging
Available chargers: 0

Car has stopped charging
Available chargers: 1
Cars charged: 60

Car has started charging
Available chargers: 0

Car has been queued
Queue size: 47

Car has stopped charging
Available chargers: 1
Cars charged: 61

Car has started charging
Available chargers: 0

Car has stopped charging
Available chargers: 1
Cars charged: 62

Car has started charging
Available chargers: 0

Car has been queued
Queue size: 46

Car has stopped charging
Available chargers: 1
Cars charged: 63

Car has started charging
Available chargers: 0

Car has stopped charging
Available chargers: 1
Cars charged: 64

Car has started charging
Available chargers: 0

Car has stopped charging
Available chargers: 1
Cars charged: 65

Car has started charging
Available chargers: 0

Car has stopped charging
Available chargers: 1
Cars charged: 66

Car has started charging
Available chargers: 0

Car has stopped charging
Available chargers: 1
Cars charged: 67

Car has started charging
Available chargers: 0

Car has stopped charging
Available chargers: 1
Cars charged: 68

Car has started charging
Available chargers: 0

Car has stopped charging
Available chargers: 1
Cars charged: 69

Car has started charging
Available chargers: 0

Car has stopped charging
Available chargers: 1
Cars charged: 70

Car has started charging
Available chargers: 0

Car has been queued
Queue size: 39

Car has stopped charging
Available chargers: 1
Cars charged: 71

Car has started charging
Available chargers: 0

Car has stopped charging
Available chargers: 1
Cars charged: 72

Car has started charging
Available chargers: 0

Car has stopped charging
Available chargers: 1
Cars charged: 73

Car has started charging
Available chargers: 0

Car has stopped charging
Available chargers: 1
Cars charged: 74

Car has started charging
Available chargers: 0

Car has stopped charging
Available chargers: 1
Cars charged: 75

Car has started charging
Available chargers: 0

Car has stopped charging
Available chargers: 1
Cars charged: 76

Car has started charging
Available chargers: 0

Car has stopped charging
Available chargers: 1
Cars charged: 77

Car has started charging
Available chargers: 0

Car has stopped charging
Available chargers: 1
Cars charged: 78

Car has started charging
Available chargers: 0

Car has stopped charging
Available chargers: 1
Cars charged: 79

Car has started charging
Available chargers: 0

Car has stopped charging
Available chargers: 1
Cars charged: 80

Car has started charging
Available chargers: 0

Car has stopped charging
Available chargers: 1
Cars charged: 81

Car has started charging
Available chargers: 0

Car has been queued
Queue size: 29

Car has stopped charging
Available chargers: 1
Cars charged: 82

Car has started charging
Available chargers: 0

Car has been queued
Queue size: 29

Car has stopped charging
Available chargers: 1
Cars charged: 83

Car has started charging
Available chargers: 0

Car has been queued
Queue size: 29

Car has been queued
Queue size: 30

Car has been queued
Queue size: 31

Car has stopped charging
Available chargers: 1
Cars charged: 84

Car has started charging
Available chargers: 0

Car has been queued
Queue size: 31

Car has stopped charging
Available chargers: 1
Cars charged: 85

Car has started charging
Available chargers: 0

Car has been queued
Queue size: 31

Car has been queued
Queue size: 32

Car has been queued
Queue size: 33

Car has been queued
Queue size: 34

Car has been queued
Queue size: 35

Car has been queued
Queue size: 36

Car has been queued
Queue size: 37

Car has been queued
Queue size: 38

Car has been queued
Queue size: 39

Car has been queued
Queue size: 40

Car has been queued
Queue size: 41

Car has been queued
Queue size: 42

Car has stopped charging
Available chargers: 1
Cars charged: 86

Car has started charging
Available chargers: 0

Car has been queued
Queue size: 42

Car has stopped charging
Available chargers: 1
Cars charged: 87

Car has started charging
Available chargers: 0

Car has stopped charging
Available chargers: 1
Cars charged: 88

Car has started charging
Available chargers: 0

Car has stopped charging
Available chargers: 1
Cars charged: 89

Car has started charging
Available chargers: 0

Car has stopped charging
Available chargers: 1
Cars charged: 90

Car has started charging
Available chargers: 0

Car has stopped charging
Available chargers: 1
Cars charged: 91

Car has started charging
Available chargers: 0

Car has been queued
Queue size: 38

Car has stopped charging
Available chargers: 1
Cars charged: 92

Car has started charging
Available chargers: 0

Car has stopped charging
Available chargers: 1
Cars charged: 93

Car has started charging
Available chargers: 0

Car has been queued
Queue size: 37

Car has stopped charging
Available chargers: 1
Cars charged: 94

Car has started charging
Available chargers: 0

Car has stopped charging
Available chargers: 1
Cars charged: 95

Car has started charging
Available chargers: 0

Car has stopped charging
Available chargers: 1
Cars charged: 96

Car has started charging
Available chargers: 0

Car has been queued
Queue size: 35

Car has stopped charging
Available chargers: 1
Cars charged: 97

Car has started charging
Available chargers: 0

Car has stopped charging
Available chargers: 1
Cars charged: 98

Car has started charging
Available chargers: 0

Car has stopped charging
Available chargers: 1
Cars charged: 99

Car has started charging
Available chargers: 0

Car has been queued
Queue size: 33

Car has stopped charging
Available chargers: 1
Cars charged: 100

Car has started charging
Available chargers: 0

Car has stopped charging
Available chargers: 1
Cars charged: 101

Car has started charging
Available chargers: 0

Car has been queued
Queue size: 32

Car has been queued
Queue size: 33

Car has stopped charging
Available chargers: 1
Cars charged: 102

Car has started charging
Available chargers: 0

Car has been queued
Queue size: 33

Car has been queued
Queue size: 34

Car has stopped charging
Available chargers: 1
Cars charged: 103

Car has started charging
Available chargers: 0

Car has been queued
Queue size: 34

Car has stopped charging
Available chargers: 1
Cars charged: 104

Car has started charging
Available chargers: 0

Car has stopped charging
Available chargers: 1
Cars charged: 105

Car has started charging
Available chargers: 0

Car has stopped charging
Available chargers: 1
Cars charged: 106

Car has started charging
Available chargers: 0

Car has stopped charging
Available chargers: 1
Cars charged: 107

Car has started charging
Available chargers: 0

Car has stopped charging
Available chargers: 1
Cars charged: 108

Car has started charging
Available chargers: 0

Car has stopped charging
Available chargers: 1
Cars charged: 109

Car has started charging
Available chargers: 0

Car has been queued
Queue size: 29

Car has been queued
Queue size: 30

Car has been queued
Queue size: 31

Car has stopped charging
Available chargers: 1
Cars charged: 110

Car has started charging
Available chargers: 0

Car has stopped charging
Available chargers: 1
Cars charged: 111

Car has started charging
Available chargers: 0

Car has stopped charging
Available chargers: 1
Cars charged: 112

Car has started charging
Available chargers: 0

Car has stopped charging
Available chargers: 1
Cars charged: 113

Car has started charging
Available chargers: 0

Car has been queued
Queue size: 28

Car has stopped charging
Available chargers: 1
Cars charged: 114

Car has started charging
Available chargers: 0

Car has stopped charging
Available chargers: 1
Cars charged: 115

Car has started charging
Available chargers: 0

Car has stopped charging
Available chargers: 1
Cars charged: 116

Car has started charging
Available chargers: 0

Car has stopped charging
Available chargers: 1
Cars charged: 117

Car has started charging
Available chargers: 0

Car has stopped charging
Available chargers: 1
Cars charged: 118

Car has started charging
Available chargers: 0

Car has been queued
Queue size: 24

Car has stopped charging
Available chargers: 1
Cars charged: 119

Car has started charging
Available chargers: 0

Car has stopped charging
Available chargers: 1
Cars charged: 120

Car has started charging
Available chargers: 0

Car has stopped charging
Available chargers: 1
Cars charged: 121

Car has started charging
Available chargers: 0

Car has stopped charging
Available chargers: 1
Cars charged: 122

Car has started charging
Available chargers: 0

Car has stopped charging
Available chargers: 1
Cars charged: 123

Car has started charging
Available chargers: 0

Car has stopped charging
Available chargers: 1
Cars charged: 124

Car has started charging
Available chargers: 0

Car has stopped charging
Available chargers: 1
Cars charged: 125

Car has started charging
Available chargers: 0

Car has stopped charging
Available chargers: 1
Cars charged: 126

Car has started charging
Available chargers: 0

Car has stopped charging
Available chargers: 1
Cars charged: 127

Car has started charging
Available chargers: 0

Car has stopped charging
Available chargers: 1
Cars charged: 128

Car has started charging
Available chargers: 0

Car has stopped charging
Available chargers: 1
Cars charged: 129

Car has started charging
Available chargers: 0

Car has been queued
Queue size: 14

Car has stopped charging
Available chargers: 1
Cars charged: 130

Car has started charging
Available chargers: 0

Car has stopped charging
Available chargers: 1
Cars charged: 131

Car has started charging
Available chargers: 0

Car has stopped charging
Available chargers: 1
Cars charged: 132

Car has started charging
Available chargers: 0

Car has stopped charging
Available chargers: 1
Cars charged: 133

Car has started charging
Available chargers: 0

Car has stopped charging
Available chargers: 1
Cars charged: 134

Car has started charging
Available chargers: 0

Car has been queued
Queue size: 10

Car has stopped charging
Available chargers: 1
Cars charged: 135

Car has started charging
Available chargers: 0

Car has stopped charging
Available chargers: 1
Cars charged: 136

Car has started charging
Available chargers: 0

Car has stopped charging
Available chargers: 1
Cars charged: 137

Car has started charging
Available chargers: 0

Car has stopped charging
Available chargers: 1
Cars charged: 138

Car has started charging
Available chargers: 0

Car has stopped charging
Available chargers: 1
Cars charged: 139

Car has started charging
Available chargers: 0

Car has been queued
Queue size: 6

Car has stopped charging
Available chargers: 1
Cars charged: 140

Car has started charging
Available chargers: 0

Car has been queued
Queue size: 6

Car has stopped charging
Available chargers: 1
Cars charged: 141

Car has started charging
Available chargers: 0

Car has been queued
Queue size: 6

Car has stopped charging
Available chargers: 1
Cars charged: 142

Car has started charging
Available chargers: 0

Car has stopped charging
Available chargers: 1
Cars charged: 143

Car has started charging
Available chargers: 0

Car has stopped charging
Available chargers: 1
Cars charged: 144

Car has started charging
Available chargers: 0

Car has stopped charging
Available chargers: 1
Cars charged: 145

Car has started charging
Available chargers: 0

Car has stopped charging
Available chargers: 1
Cars charged: 146

Car has started charging
Available chargers: 0

Car has stopped charging
Available chargers: 1
Cars charged: 147

Car has started charging
Available chargers: 0

Car has been queued
Queue size: 1

Car has stopped charging
Available chargers: 1
Cars charged: 148

Car has started charging
Available chargers: 0

Car has stopped charging
Available chargers: 1
Cars charged: 149

Car has stopped charging
Available chargers: 2
Cars charged: 150

Car has stopped charging
Available chargers: 3
Cars charged: 151

Car has stopped charging
Available chargers: 4
Cars charged: 152

Car has stopped charging
Available chargers: 5
Cars charged: 153

Car has stopped charging
Available chargers: 6
Cars charged: 154

Car has stopped charging
Available chargers: 7
Cars charged: 155

Car has stopped charging
Available chargers: 8
Cars charged: 156

Car has started charging
Available chargers: 7

Car has stopped charging
Available chargers: 8
Cars charged: 157

Car has started charging
Available chargers: 7

Car has stopped charging
Available chargers: 8
Cars charged: 158

Car has stopped charging
Available chargers: 9
Cars charged: 159

Car has stopped charging
Available chargers: 10
Cars charged: 160

Car has stopped charging
Available chargers: 11
Cars charged: 161

Car has started charging
Available chargers: 10

Car has started charging
Available chargers: 9

Car has started charging
Available chargers: 8

Car has started charging
Available chargers: 7

Car has started charging
Available chargers: 6

Car has started charging
Available chargers: 5

Car has started charging
Available chargers: 4

Car has started charging
Available chargers: 3

Car has started charging
Available chargers: 2

Car has stopped charging
Available chargers: 3
Cars charged: 162

Car has started charging
Available chargers: 2

Car has started charging
Available chargers: 1

Car has started charging
Available chargers: 0

Car has stopped charging
Available chargers: 1
Cars charged: 163

Car has started charging
Available chargers: 0

Car has been queued
Queue size: 1

Car has stopped charging
Available chargers: 1
Cars charged: 164

Car has started charging
Available chargers: 0

Car has stopped charging
Available chargers: 1
Cars charged: 165

Car has started charging
Available chargers: 0

Car has stopped charging
Available chargers: 1
Cars charged: 166

Car has started charging
Available chargers: 0

Car has been queued
Queue size: 1

Car has stopped charging
Available chargers: 1
Cars charged: 167

Car has started charging
Available chargers: 0

Car has been queued
Queue size: 1

Car has stopped charging
Available chargers: 1
Cars charged: 168

Car has started charging
Available chargers: 0

Car has stopped charging
Available chargers: 1
Cars charged: 169

Car has stopped charging
Available chargers: 2
Cars charged: 170

Car has stopped charging
Available chargers: 3
Cars charged: 171

Car has stopped charging
Available chargers: 4
Cars charged: 172

Car has stopped charging
Available chargers: 5
Cars charged: 173

Car has stopped charging
Available chargers: 6
Cars charged: 174

Car has stopped charging
Available chargers: 7
Cars charged: 175

Car has stopped charging
Available chargers: 8
Cars charged: 176

Car has stopped charging
Available chargers: 9
Cars charged: 177

Car has stopped charging
Available chargers: 10
Cars charged: 178

Car has stopped charging
Available chargers: 11
Cars charged: 179

Car has started charging
Available chargers: 10

Car has stopped charging
Available chargers: 11
Cars charged: 180

Car has started charging
Available chargers: 10

Car has started charging
Available chargers: 9

Car has stopped charging
Available chargers: 10
Cars charged: 181

Car has stopped charging
Available chargers: 11
Cars charged: 182

Car has stopped charging
Available chargers: 12
Cars charged: 183

Car has stopped charging
Available chargers: 13
Cars charged: 184

Car has started charging
Available chargers: 12

Car has started charging
Available chargers: 11

Car has stopped charging
Available chargers: 12
Cars charged: 185

Car has stopped charging
Available chargers: 13
Cars charged: 186

Car has started charging
Available chargers: 12

Car has started charging
Available chargers: 11

Car has started charging
Available chargers: 10

Car has stopped charging
Available chargers: 11
Cars charged: 187

Car has started charging
Available chargers: 10

Car has stopped charging
Available chargers: 11
Cars charged: 188

Car has stopped charging
Available chargers: 12
Cars charged: 189

Car has stopped charging
Available chargers: 13
Cars charged: 190

Car has stopped charging
Available chargers: 14
Cars charged: 191

Car has stopped charging
Available chargers: 15
Cars charged: 192

Car has started charging
Available chargers: 14

Car has started charging
Available chargers: 13

Car has started charging
Available chargers: 12

Car has started charging
Available chargers: 11

Car has started charging
Available chargers: 10

Car has started charging
Available chargers: 9

Car has stopped charging
Available chargers: 10
Cars charged: 193

Car has started charging
Available chargers: 9

Car has started charging
Available chargers: 8

Car has started charging
Available chargers: 7

Car has stopped charging
Available chargers: 8
Cars charged: 194

Car has started charging
Available chargers: 7

Car has stopped charging
Available chargers: 8
Cars charged: 195

Car has stopped charging
Available chargers: 9
Cars charged: 196

Car has stopped charging
Available chargers: 10
Cars charged: 197

Car has started charging
Available chargers: 9

Car has stopped charging
Available chargers: 10
Cars charged: 198

Car has stopped charging
Available chargers: 11
Cars charged: 199

Car has started charging
Available chargers: 10

Car has stopped charging
Available chargers: 11
Cars charged: 200

Car has stopped charging
Available chargers: 12
Cars charged: 201

Car has stopped charging
Available chargers: 13
Cars charged: 202

Car has stopped charging
Available chargers: 14
Cars charged: 203

Car has stopped charging
Available chargers: 15
Cars charged: 204

Car has stopped charging
Available chargers: 16
Cars charged: 205

Car has stopped charging
Available chargers: 17
Cars charged: 206

Car has stopped charging
Available chargers: 18
Cars charged: 207

Car has started charging
Available chargers: 17

Car has stopped charging
Available chargers: 18
Cars charged: 208

Car has stopped charging
Available chargers: 19
Cars charged: 209

Car has stopped charging
Available chargers: 20
Cars charged: 210

Car has stopped charging
Available chargers: 21
Cars charged: 211

Car has stopped charging
Available chargers: 22
Cars charged: 212

Car has started charging
Available chargers: 21

Car has stopped charging
Available chargers: 22
Cars charged: 213

Car has stopped charging
Available chargers: 23
Cars charged: 214

Car has stopped charging
Available chargers: 24
Cars charged: 215

Car has started charging
Available chargers: 23

Car has stopped charging
Available chargers: 24
Cars charged: 216

Car has stopped charging
Available chargers: 25
Cars charged: 217

Car has stopped charging
Available chargers: 26
Cars charged: 218

Car has started charging
Available chargers: 25

Car has stopped charging
Available chargers: 26
Cars charged: 219

Car has started charging
Available chargers: 25

Car has started charging
Available chargers: 24

Car has started charging
Available chargers: 23

Car has started charging
Available chargers: 22

Car has started charging
Available chargers: 21

Car has started charging
Available chargers: 20

Car has started charging
Available chargers: 19

Car has started charging
Available chargers: 18

Car has stopped charging
Available chargers: 19
Cars charged: 220

Car has started charging
Available chargers: 18

Car has started charging
Available chargers: 17

Car has started charging
Available chargers: 16

Car has started charging
Available chargers: 15

Car has started charging
Available chargers: 14

Car has started charging
Available chargers: 13

Car has started charging
Available chargers: 12

Car has started charging
Available chargers: 11

Car has started charging
Available chargers: 10

Car has stopped charging
Available chargers: 11
Cars charged: 221

Car has started charging
Available chargers: 10

Car has started charging
Available chargers: 9

Car has started charging
Available chargers: 8

Car has started charging
Available chargers: 7

Car has started charging
Available chargers: 6

Car has started charging
Available chargers: 5

Car has started charging
Available chargers: 4

Car has started charging
Available chargers: 3

Car has started charging
Available chargers: 2

Car has started charging
Available chargers: 1

Car has started charging
Available chargers: 0

Car has been queued
Queue size: 1

Car has been queued
Queue size: 2

Car has been queued
Queue size: 3

Car has been queued
Queue size: 4

Car has been queued
Queue size: 5

Car has been queued
Queue size: 6

Car has been queued
Queue size: 7

Car has stopped charging
Available chargers: 1
Cars charged: 222

Car has started charging
Available chargers: 0

Car has been queued
Queue size: 7

Car has been queued
Queue size: 8

Car has been queued
Queue size: 9

Car has stopped charging
Available chargers: 1
Cars charged: 223

Car has started charging
Available chargers: 0

Car has been queued
Queue size: 9

Car has been queued
Queue size: 10

Car has been queued
Queue size: 11

Car has been queued
Queue size: 12

Car has been queued
Queue size: 13

Car has been queued
Queue size: 14

Car has stopped charging
Available chargers: 1
Cars charged: 224

Car has started charging
Available chargers: 0

Car has been queued
Queue size: 14

Car has stopped charging
Available chargers: 1
Cars charged: 225

Car has started charging
Available chargers: 0

Car has been queued
Queue size: 14

Car has been queued
Queue size: 15

Car has been queued
Queue size: 16

Car has been queued
Queue size: 17

Car has been queued
Queue size: 18

Car has stopped charging
Available chargers: 1
Cars charged: 226

Car has started charging
Available chargers: 0

Car has stopped charging
Available chargers: 1
Cars charged: 227

Car has started charging
Available chargers: 0

Car has been queued
Queue size: 17

Car has stopped charging
Available chargers: 1
Cars charged: 228

Car has started charging
Available chargers: 0

Car has stopped charging
Available chargers: 1
Cars charged: 229

Car has started charging
Available chargers: 0

Car has been queued
Queue size: 16

Car has stopped charging
Available chargers: 1
Cars charged: 230

Car has started charging
Available chargers: 0

Car has been queued
Queue size: 16

Car has stopped charging
Available chargers: 1
Cars charged: 231

Car has started charging
Available chargers: 0

Car has stopped charging
Available chargers: 1
Cars charged: 232

Car has started charging
Available chargers: 0

Car has stopped charging
Available chargers: 1
Cars charged: 233

Car has started charging
Available chargers: 0

Car has stopped charging
Available chargers: 1
Cars charged: 234

Car has started charging
Available chargers: 0

Car has stopped charging
Available chargers: 1
Cars charged: 235

Car has started charging
Available chargers: 0

Car has stopped charging
Available chargers: 1
Cars charged: 236

Car has started charging
Available chargers: 0

Car has stopped charging
Available chargers: 1
Cars charged: 237

Car has started charging
Available chargers: 0

Car has stopped charging
Available chargers: 1
Cars charged: 238

Car has started charging
Available chargers: 0

Car has been queued
Queue size: 9

Car has stopped charging
Available chargers: 1
Cars charged: 239

Car has started charging
Available chargers: 0

Car has stopped charging
Available chargers: 1
Cars charged: 240

Car has started charging
Available chargers: 0

Car has been queued
Queue size: 8

Car has been queued
Queue size: 9

Car has stopped charging
Available chargers: 1
Cars charged: 241

Car has started charging
Available chargers: 0

Car has stopped charging
Available chargers: 1
Cars charged: 242

Car has started charging
Available chargers: 0

Car has been queued
Queue size: 8

Car has stopped charging
Available chargers: 1
Cars charged: 243

Car has started charging
Available chargers: 0

Car has stopped charging
Available chargers: 1
Cars charged: 244

Car has started charging
Available chargers: 0

Car has stopped charging
Available chargers: 1
Cars charged: 245

Car has started charging
Available chargers: 0

Car has stopped charging
Available chargers: 1
Cars charged: 246

Car has started charging
Available chargers: 0

Car has stopped charging
Available chargers: 1
Cars charged: 247

Car has started charging
Available chargers: 0

Car has been queued
Queue size: 4

Car has been queued
Queue size: 5

Car has stopped charging
Available chargers: 1
Cars charged: 248

Car has started charging
Available chargers: 0

Car has stopped charging
Available chargers: 1
Cars charged: 249

Car has started charging
Available chargers: 0

Car has been queued
Queue size: 4

Car has been queued
Queue size: 5

Car has stopped charging
Available chargers: 1
Cars charged: 250

Car has started charging
Available chargers: 0

Car has been queued
Queue size: 5

Car has stopped charging
Available chargers: 1
Cars charged: 251

Car has started charging
Available chargers: 0

Car has stopped charging
Available chargers: 1
Cars charged: 252

Car has started charging
Available chargers: 0

Car has stopped charging
Available chargers: 1
Cars charged: 253

Car has started charging
Available chargers: 0

Car has been queued
Queue size: 3

Car has stopped charging
Available chargers: 1
Cars charged: 254

Car has started charging
Available chargers: 0

Car has stopped charging
Available chargers: 1
Cars charged: 255

Car has started charging
Available chargers: 0

Car has stopped charging
Available chargers: 1
Cars charged: 256

Car has started charging
Available chargers: 0

Car has stopped charging
Available chargers: 1
Cars charged: 257

Car has stopped charging
Available chargers: 2
Cars charged: 258

Car has stopped charging
Available chargers: 3
Cars charged: 259

Car has started charging
Available chargers: 2

Car has started charging
Available chargers: 1

Car has started charging
Available chargers: 0

Car has been queued
Queue size: 1

Car has stopped charging
Available chargers: 1
Cars charged: 260

Car has started charging
Available chargers: 0

Car has stopped charging
Available chargers: 1
Cars charged: 261

Car has stopped charging
Available chargers: 2
Cars charged: 262

Car has stopped charging
Available chargers: 3
Cars charged: 263

Car has stopped charging
Available chargers: 4
Cars charged: 264

Car has stopped charging
Available chargers: 5
Cars charged: 265

Car has started charging
Available chargers: 4

Car has started charging
Available chargers: 3

Car has started charging
Available chargers: 2

Car has stopped charging
Available chargers: 3
Cars charged: 266

Car has stopped charging
Available chargers: 4
Cars charged: 267

Car has stopped charging
Available chargers: 5
Cars charged: 268

Car has stopped charging
Available chargers: 6
Cars charged: 269

Car has stopped charging
Available chargers: 7
Cars charged: 270

Car has started charging
Available chargers: 6

Car has started charging
Available chargers: 5

Car has stopped charging
Available chargers: 6
Cars charged: 271

Car has started charging
Available chargers: 5

Car has stopped charging
Available chargers: 6
Cars charged: 272

Car has started charging
Available chargers: 5

Car has stopped charging
Available chargers: 6
Cars charged: 273

Car has stopped charging
Available chargers: 7
Cars charged: 274

Car has stopped charging
Available chargers: 8
Cars charged: 275

Car has started charging
Available chargers: 7

Car has stopped charging
Available chargers: 8
Cars charged: 276

Car has started charging
Available chargers: 7

Car has started charging
Available chargers: 6

Car has stopped charging
Available chargers: 7
Cars charged: 277

Car has stopped charging
Available chargers: 8
Cars charged: 278

Car has stopped charging
Available chargers: 9
Cars charged: 279

Car has stopped charging
Available chargers: 10
Cars charged: 280

Car has stopped charging
Available chargers: 11
Cars charged: 281

Car has stopped charging
Available chargers: 12
Cars charged: 282

Car has started charging
Available chargers: 11

Car has stopped charging
Available chargers: 12
Cars charged: 283

Car has stopped charging
Available chargers: 13
Cars charged: 284

Car has started charging
Available chargers: 12

Car has stopped charging
Available chargers: 13
Cars charged: 285

Car has stopped charging
Available chargers: 14
Cars charged: 286

Car has started charging
Available chargers: 13

Car has stopped charging
Available chargers: 14
Cars charged: 287

Car has stopped charging
Available chargers: 15
Cars charged: 288

Car has stopped charging
Available chargers: 16
Cars charged: 289

Car has stopped charging
Available chargers: 17
Cars charged: 290

Car has stopped charging
Available chargers: 18
Cars charged: 291

Car has started charging
Available chargers: 17

Car has stopped charging
Available chargers: 18
Cars charged: 292

Car has stopped charging
Available chargers: 19
Cars charged: 293

Car has stopped charging
Available chargers: 20
Cars charged: 294

Car has started charging
Available chargers: 19

Car has stopped charging
Available chargers: 20
Cars charged: 295

Car has stopped charging
Available chargers: 21
Cars charged: 296

Car has stopped charging
Available chargers: 22
Cars charged: 297

Car has stopped charging
Available chargers: 23
Cars charged: 298

Car has stopped charging
Available chargers: 24
Cars charged: 299

Car has started charging
Available chargers: 23

Car has stopped charging
Available chargers: 24
Cars charged: 300

Car has stopped charging
Available chargers: 25
Cars charged: 301

Car has started charging
Available chargers: 24

Car has started charging
Available chargers: 23

Car has stopped charging
Available chargers: 24
Cars charged: 302

Car has started charging
Available chargers: 23

Car has started charging
Available chargers: 22

Car has started charging
Available chargers: 21

Car has started charging
Available chargers: 20

Car has started charging
Available chargers: 19

Car has started charging
Available chargers: 18

Car has stopped charging
Available chargers: 19
Cars charged: 303

Car has started charging
Available chargers: 18

Car has started charging
Available chargers: 17

Car has started charging
Available chargers: 16

Car has started charging
Available chargers: 15

Car has started charging
Available chargers: 14

Car has started charging
Available chargers: 13

Car has started charging
Available chargers: 12

Car has started charging
Available chargers: 11

Car has started charging
Available chargers: 10

Car has started charging
Available chargers: 9

Car has started charging
Available chargers: 8

Car has started charging
Available chargers: 7

Car has started charging
Available chargers: 6

Car has started charging
Available chargers: 5

Car has started charging
Available chargers: 4

Car has started charging
Available chargers: 3

Car has started charging
Available chargers: 2

Car has started charging
Available chargers: 1

Car has started charging
Available chargers: 0

Car has been queued
Queue size: 1

Car has stopped charging
Available chargers: 1
Cars charged: 304

Car has started charging
Available chargers: 0

Car has been queued
Queue size: 1

Car has been queued
Queue size: 2

Car has been queued
Queue size: 3

Car has been queued
Queue size: 4

Car has been queued
Queue size: 5

Car has been queued
Queue size: 6

Car has been queued
Queue size: 7

Car has been queued
Queue size: 8

Car has stopped charging
Available chargers: 1
Cars charged: 305

Car has started charging
Available chargers: 0

Car has been queued
Queue size: 8

Car has stopped charging
Available chargers: 1
Cars charged: 306

Car has started charging
Available chargers: 0

Car has stopped charging
Available chargers: 1
Cars charged: 307

Car has started charging
Available chargers: 0

Car has been queued
Queue size: 7

Car has stopped charging
Available chargers: 1
Cars charged: 308

Car has started charging
Available chargers: 0

Car has stopped charging
Available chargers: 1
Cars charged: 309

Car has started charging
Available chargers: 0

Car has been queued
Queue size: 6

Car has stopped charging
Available chargers: 1
Cars charged: 310

Car has started charging
Available chargers: 0

Car has been queued
Queue size: 6

Car has been queued
Queue size: 7

Car has been queued
Queue size: 8

Car has stopped charging
Available chargers: 1
Cars charged: 311

Car has started charging
Available chargers: 0

Car has stopped charging
Available chargers: 1
Cars charged: 312

Car has started charging
Available chargers: 0

Car has been queued
Queue size: 7

Car has stopped charging
Available chargers: 1
Cars charged: 313

Car has started charging
Available chargers: 0

Car has stopped charging
Available chargers: 1
Cars charged: 314

Car has started charging
Available chargers: 0

Car has stopped charging
Available chargers: 1
Cars charged: 315

Car has started charging
Available chargers: 0

Car has stopped charging
Available chargers: 1
Cars charged: 316

Car has started charging
Available chargers: 0

Car has stopped charging
Available chargers: 1
Cars charged: 317

Car has started charging
Available chargers: 0

Car has stopped charging
Available chargers: 1
Cars charged: 318

Car has started charging
Available chargers: 0

Car has been queued
Queue size: 2

Car has stopped charging
Available chargers: 1
Cars charged: 319

Car has started charging
Available chargers: 0

Car has been queued
Queue size: 2

Car has stopped charging
Available chargers: 1
Cars charged: 320

Car has started charging
Available chargers: 0

Car has stopped charging
Available chargers: 1
Cars charged: 321

Car has started charging
Available chargers: 0

Car has stopped charging
Available chargers: 1
Cars charged: 322

Car has started charging
Available chargers: 0

Car has stopped charging
Available chargers: 1
Cars charged: 323

Car has started charging
Available chargers: 0

Car has stopped charging
Available chargers: 1
Cars charged: 324

Car has stopped charging
Available chargers: 2
Cars charged: 325

Car has stopped charging
Available chargers: 3
Cars charged: 326

Car has stopped charging
Available chargers: 4
Cars charged: 327

Car has stopped charging
Available chargers: 5
Cars charged: 328

Car has started charging
Available chargers: 4

Car has stopped charging
Available chargers: 5
Cars charged: 329

Car has started charging
Available chargers: 4

Car has started charging
Available chargers: 3

Car has stopped charging
Available chargers: 4
Cars charged: 330

Car has started charging
Available chargers: 3

Car has started charging
Available chargers: 2

Car has started charging
Available chargers: 1

Car has stopped charging
Available chargers: 2
Cars charged: 331

Car has stopped charging
Available chargers: 3
Cars charged: 332

Car has stopped charging
Available chargers: 4
Cars charged: 333

Car has started charging
Available chargers: 3

Car has started charging
Available chargers: 2

Car has started charging
Available chargers: 1

Car has started charging
Available chargers: 0

Car has stopped charging
Available chargers: 1
Cars charged: 334

Car has stopped charging
Available chargers: 2
Cars charged: 335

Car has started charging
Available chargers: 1

Car has stopped charging
Available chargers: 2
Cars charged: 336

Car has stopped charging
Available chargers: 3
Cars charged: 337

Car has started charging
Available chargers: 2

Car has started charging
Available chargers: 1

Car has stopped charging
Available chargers: 2
Cars charged: 338

Car has stopped charging
Available chargers: 3
Cars charged: 339

Car has stopped charging
Available chargers: 4
Cars charged: 340

Car has stopped charging
Available chargers: 5
Cars charged: 341

Car has stopped charging
Available chargers: 6
Cars charged: 342

Car has stopped charging
Available chargers: 7
Cars charged: 343

Car has started charging
Available chargers: 6

Car has started charging
Available chargers: 5

Car has stopped charging
Available chargers: 6
Cars charged: 344

Car has stopped charging
Available chargers: 7
Cars charged: 345

Car has started charging
Available chargers: 6

Car has stopped charging
Available chargers: 7
Cars charged: 346

Car has started charging
Available chargers: 6

Car has stopped charging
Available chargers: 7
Cars charged: 347

Car has started charging
Available chargers: 6

Car has stopped charging
Available chargers: 7
Cars charged: 348

Car has stopped charging
Available chargers: 8
Cars charged: 349

Car has stopped charging
Available chargers: 9
Cars charged: 350

Car has stopped charging
Available chargers: 10
Cars charged: 351

Car has started charging
Available chargers: 9

Car has started charging
Available chargers: 8

Car has started charging
Available chargers: 7

Car has started charging
Available chargers: 6

Car has started charging
Available chargers: 5

Car has stopped charging
Available chargers: 6
Cars charged: 352

Car has started charging
Available chargers: 5

Car has stopped charging
Available chargers: 6
Cars charged: 353

Car has stopped charging
Available chargers: 7
Cars charged: 354

Car has started charging
Available chargers: 6

Car has stopped charging
Available chargers: 7
Cars charged: 355

Car has stopped charging
Available chargers: 8
Cars charged: 356

Car has started charging
Available chargers: 7

Car has stopped charging
Available chargers: 8
Cars charged: 357

Car has stopped charging
Available chargers: 9
Cars charged: 358

Car has stopped charging
Available chargers: 10
Cars charged: 359

Car has stopped charging
Available chargers: 11
Cars charged: 360

Car has stopped charging
Available chargers: 12
Cars charged: 361

Car has started charging
Available chargers: 11

Car has started charging
Available chargers: 10

Car has stopped charging
Available chargers: 11
Cars charged: 362

Car has stopped charging
Available chargers: 12
Cars charged: 363

Car has stopped charging
Available chargers: 13
Cars charged: 364

Car has stopped charging
Available chargers: 14
Cars charged: 365

Car has stopped charging
Available chargers: 15
Cars charged: 366

Car has stopped charging
Available chargers: 16
Cars charged: 367

Car has stopped charging
Available chargers: 17
Cars charged: 368

Car has stopped charging
Available chargers: 18
Cars charged: 369

Car has started charging
Available chargers: 17

Car has stopped charging
Available chargers: 18
Cars charged: 370

Car has stopped charging
Available chargers: 19
Cars charged: 371

Car has started charging
Available chargers: 18

Car has stopped charging
Available chargers: 19
Cars charged: 372

Car has stopped charging
Available chargers: 20
Cars charged: 373

Car has stopped charging
Available chargers: 21
Cars charged: 374

Car has stopped charging
Available chargers: 22
Cars charged: 375

Car has stopped charging
Available chargers: 23
Cars charged: 376

Car has stopped charging
Available chargers: 24
Cars charged: 377

Car has stopped charging
Available chargers: 25
Cars charged: 378

Car has started charging
Available chargers: 24

Car has started charging
Available chargers: 23

Car has stopped charging
Available chargers: 24
Cars charged: 379

Car has started charging
Available chargers: 23

Car has stopped charging
Available chargers: 24
Cars charged: 380

Car has stopped charging
Available chargers: 25
Cars charged: 381

Car has started charging
Available chargers: 24

Car has stopped charging
Available chargers: 25
Cars charged: 382

Car has stopped charging
Available chargers: 26
Cars charged: 383

Car has started charging
Available chargers: 25

Car has stopped charging
Available chargers: 26
Cars charged: 384

Car has started charging
Available chargers: 25

Car has started charging
Available chargers: 24

Car has started charging
Available chargers: 23

Car has stopped charging
Available chargers: 24
Cars charged: 385

Car has stopped charging
Available chargers: 25
Cars charged: 386

Car has started charging
Available chargers: 24

Car has stopped charging
Available chargers: 25
Cars charged: 387

Car has started charging
Available chargers: 24

Car has stopped charging
Available chargers: 25
Cars charged: 388

Car has started charging
Available chargers: 24

Car has stopped charging
Available chargers: 25
Cars charged: 389

Car has started charging
Available chargers: 24

Car has stopped charging
Available chargers: 25
Cars charged: 390

Car has started charging
Available chargers: 24

Car has started charging
Available chargers: 23

Car has stopped charging
Available chargers: 24
Cars charged: 391

Car has stopped charging
Available chargers: 25
Cars charged: 392

Car has started charging
Available chargers: 24

Car has stopped charging
Available chargers: 25
Cars charged: 393

Car has started charging
Available chargers: 24

Car has started charging
Available chargers: 23

Car has stopped charging
Available chargers: 24
Cars charged: 394

Car has started charging
Available chargers: 23

Car has started charging
Available chargers: 22

Car has started charging
Available chargers: 21

Car has started charging
Available chargers: 20

Car has started charging
Available chargers: 19

Car has started charging
Available chargers: 18

Car has stopped charging
Available chargers: 19
Cars charged: 395

Car has stopped charging
Available chargers: 20
Cars charged: 396

Car has started charging
Available chargers: 19

Car has stopped charging
Available chargers: 20
Cars charged: 397

Car has started charging
Available chargers: 19

Car has started charging
Available chargers: 18

Car has started charging
Available chargers: 17

Car has stopped charging
Available chargers: 18
Cars charged: 398

Car has stopped charging
Available chargers: 19
Cars charged: 399

Car has started charging
Available chargers: 18

Car has started charging
Available chargers: 17

Car has stopped charging
Available chargers: 18
Cars charged: 400

Car has started charging
Available chargers: 17

Car has started charging
Available chargers: 16

Car has started charging
Available chargers: 15

Car has started charging
Available chargers: 14

Car has stopped charging
Available chargers: 15
Cars charged: 401

Car has stopped charging
Available chargers: 16
Cars charged: 402

Car has started charging
Available chargers: 15

Car has stopped charging
Available chargers: 16
Cars charged: 403

Car has stopped charging
Available chargers: 17
Cars charged: 404

Car has stopped charging
Available chargers: 18
Cars charged: 405

Car has started charging
Available chargers: 17

Car has started charging
Available chargers: 16

Car has started charging
Available chargers: 15

Car has stopped charging
Available chargers: 16
Cars charged: 406

Car has stopped charging
Available chargers: 17
Cars charged: 407

Car has started charging
Available chargers: 16

Car has stopped charging
Available chargers: 17
Cars charged: 408

Car has started charging
Available chargers: 16

Car has started charging
Available chargers: 15

Car has started charging
Available chargers: 14

Car has started charging
Available chargers: 13

Car has stopped charging
Available chargers: 14
Cars charged: 409

Car has started charging
Available chargers: 13

Car has started charging
Available chargers: 12

Car has stopped charging
Available chargers: 13
Cars charged: 410

Car has started charging
Available chargers: 12

Car has stopped charging
Available chargers: 13
Cars charged: 411

Car has started charging
Available chargers: 12

Car has stopped charging
Available chargers: 13
Cars charged: 412

Car has started charging
Available chargers: 12

Car has started charging
Available chargers: 11

Car has started charging
Available chargers: 10

Car has started charging
Available chargers: 9

Car has started charging
Available chargers: 8

Car has started charging
Available chargers: 7

Car has stopped charging
Available chargers: 8
Cars charged: 413

Car has started charging
Available chargers: 7

Car has stopped charging
Available chargers: 8
Cars charged: 414

Car has stopped charging
Available chargers: 9
Cars charged: 415

Car has started charging
Available chargers: 8

Car has started charging
Available chargers: 7

Car has stopped charging
Available chargers: 8
Cars charged: 416

Car has stopped charging
Available chargers: 9
Cars charged: 417

Car has stopped charging
Available chargers: 10
Cars charged: 418

Car has started charging
Available chargers: 9

Car has started charging
Available chargers: 8

Car has started charging
Available chargers: 7

Car has stopped charging
Available chargers: 8
Cars charged: 419

Car has started charging
Available chargers: 7

Car has stopped charging
Available chargers: 8
Cars charged: 420

Car has stopped charging
Available chargers: 9
Cars charged: 421

Car has stopped charging
Available chargers: 10
Cars charged: 422

Car has stopped charging
Available chargers: 11
Cars charged: 423

Car has stopped charging
Available chargers: 12
Cars charged: 424

Car has stopped charging
Available chargers: 13
Cars charged: 425

Car has started charging
Available chargers: 12

Car has started charging
Available chargers: 11

Car has stopped charging
Available chargers: 12
Cars charged: 426

Car has started charging
Available chargers: 11

Car has started charging
Available chargers: 10

Car has started charging
Available chargers: 9

Car has started charging
Available chargers: 8

Car has stopped charging
Available chargers: 9
Cars charged: 427

Car has stopped charging
Available chargers: 10
Cars charged: 428

Car has stopped charging
Available chargers: 11
Cars charged: 429

Car has stopped charging
Available chargers: 12
Cars charged: 430

Car has stopped charging
Available chargers: 13
Cars charged: 431

Car has stopped charging
Available chargers: 14
Cars charged: 432

Car has stopped charging
Available chargers: 15
Cars charged: 433

Car has started charging
Available chargers: 14

Car has started charging
Available chargers: 13

Car has started charging
Available chargers: 12

Car has started charging
Available chargers: 11

Car has started charging
Available chargers: 10

Car has started charging
Available chargers: 9

Car has stopped charging
Available chargers: 10
Cars charged: 434

Car has started charging
Available chargers: 9

Car has stopped charging
Available chargers: 10
Cars charged: 435

Car has started charging
Available chargers: 9

Car has stopped charging
Available chargers: 10
Cars charged: 436

Car has stopped charging
Available chargers: 11
Cars charged: 437

Car has stopped charging
Available chargers: 12
Cars charged: 438

Car has stopped charging
Available chargers: 13
Cars charged: 439

Car has stopped charging
Available chargers: 14
Cars charged: 440

Car has started charging
Available chargers: 13

Car has stopped charging
Available chargers: 14
Cars charged: 441

Car has stopped charging
Available chargers: 15
Cars charged: 442

Car has stopped charging
Available chargers: 16
Cars charged: 443

Car has stopped charging
Available chargers: 17
Cars charged: 444

Car has started charging
Available chargers: 16

Car has started charging
Available chargers: 15

Car has stopped charging
Available chargers: 16
Cars charged: 445

Car has stopped charging
Available chargers: 17
Cars charged: 446

Car has started charging
Available chargers: 16

